; Copyright 2018 Justin Hu
;
; This file is part of the StackLang standard library.
;
; The StackLang standard library is free software: you can redistribute it and / or modify it under the terms of the GNU Lesser General Public License as published by the Free Software Foundation, either version 3 of the License, or (at your option) any later version. 
;
; The StackLang standard library is distributed in the hope that it will be useful, but WITHOUT ANY WARRANTY; without even the implied warranty of MERCHANTABILITY or FITNESS FOR A PARTICULAR PURPOSE.  See the GNU Lesser General Public License for more details.
;
; You should have received a copy of the GNU Lesser General Public License along with the StackLang interpreter.  If not, see <https://www.gnu.org/licenses/>.

; StackLang standard library, version ALPHA 6

<< Any, Command, Substack(Any) >> ; -> Any
<<
duplicate
empty?
`foldr/bc
`foldr/rc
3 rotate
if
eval
2, rotate
drop
>>
`foldr
define

<< Any, Command, Substack(Any) >> ; -> Any
<<
drop
2, rotate
>>
`foldr-bc
`foldr
define*

<< Any, Command, Substack(Any) >> ; -> Any
<<
pop
3, rotate
duplicate
5, rotate
2, rotate
5, rotate
foldr
3, rotate
3, rotate
eval
>>
`foldr-rc
`foldr
define*

;<< Number Number Number >> ; -> Number
;<<
;add
;add
;>>
;"add-three"
;define