; Copyright 2018 Justin Hu, Bronwyn Damm, Jacques Marais, Ramon Rakow, and Jude
; Sidloski
;
; This file is part of the StackLang standard library.
;
; The StackLang standard library is free software: you can redistribute it
; and/or modify it under the terms of the GNU Lesser General Public License as
; published by the Free Software Foundation, either version 3 of the License,
; or (at your option) any later version. 
;
; The StackLang standard library is distributed in the hope that it will be
; useful, but WITHOUT ANY WARRANTY; without even the implied warranty of
; MERCHANTABILITY or FITNESS FOR A PARTICULAR PURPOSE.  See the GNU Lesser
; General Public License for more details.
;
; You should have received a copy of the GNU Lesser General Public License
; along with the StackLang standard library.  If not, see <https://www.gnu.org/licenses/>.

; StackLang extended type primitives

<< Any >> ; -> Boolean
<< `elm >>
<<
    << Any >> ; -> Boolean
    << `ignored >>
    <<
        false
    >>
    `base-other
    define

    << Type >> ; -> Boolean
    << `elm >>
    <<
        elm
        specialized?
        not
    >>
    `base-type
    define

    elm
    `base-type
    `base-other
    elm
    type?
    if
    unquote
>>
`base?
define